-- Test flush and load functionality to expose EOF handling bug
-- This test creates queries, flushes them to disk, then reloads to trigger the bug
CREATE EXTENSION pg_track_optimizer;
-- Enable forced tracking mode
SET pg_track_optimizer.mode = 'forced';
-- Cleanup any previous state
SELECT * FROM pg_track_optimizer_reset();
 pg_track_optimizer_reset
--------------------------

(1 row)

-- Create a test table
CREATE TABLE flush_test(x integer, y integer);
INSERT INTO flush_test SELECT i, i*2 FROM generate_series(1, 100) i;
ANALYZE flush_test;
-- Execute some queries to generate tracking data
-- We need at least one query to trigger the bug
SELECT * FROM flush_test WHERE x < 10;
 x | y
---+----
 1 |  2
 2 |  4
 3 |  6
 4 |  8
 5 | 10
 6 | 12
 7 | 14
 8 | 16
 9 | 18
(9 rows)

SELECT * FROM flush_test WHERE y > 50;
 x  |  y
----+-----
 26 |  52
 27 |  54
 28 |  56
 29 |  58
 30 |  60
 31 |  62
 32 |  64
 33 |  66
 34 |  68
 35 |  70
 36 |  72
 37 |  74
 38 |  76
 39 |  78
 40 |  80
 41 |  82
 42 |  84
 43 |  86
 44 |  88
 45 |  90
 46 |  92
 47 |  94
 48 |  96
 49 |  98
 50 | 100
 51 | 102
 52 | 104
 53 | 106
 54 | 108
 55 | 110
 56 | 112
 57 | 114
 58 | 116
 59 | 118
 60 | 120
 61 | 122
 62 | 124
 63 | 126
 64 | 128
 65 | 130
 66 | 132
 67 | 134
 68 | 136
 69 | 138
 70 | 140
 71 | 142
 72 | 144
 73 | 146
 74 | 148
 75 | 150
(50 rows)

SELECT * FROM flush_test WHERE x BETWEEN 20 AND 30;
 x  | y
----+----
 20 | 40
 21 | 42
 22 | 44
 23 | 46
 24 | 48
 25 | 50
 26 | 52
 27 | 54
 28 | 56
 29 | 58
 30 | 60
(11 rows)

-- Verify we have tracked data
SELECT
    COUNT(*) as tracked_queries,
    SUM(nexecs) as total_executions
FROM pg_track_optimizer();
 tracked_queries | total_executions
-----------------+------------------
               3 |                3
(1 row)

-- Flush the data to disk
SELECT * FROM pg_track_optimizer_flush();
 pg_track_optimizer_flush
--------------------------

(1 row)

-- Now drop and recreate the extension to force a reload from disk
-- This is where the EOF bug will manifest
DROP EXTENSION pg_track_optimizer CASCADE;
-- Recreate extension - this triggers _load_hash_table()
-- In debug builds: Assert(counter == nrecs) will fail
-- In production: Will get read_error due to feof() bug
CREATE EXTENSION pg_track_optimizer;
-- Enable tracking again
SET pg_track_optimizer.mode = 'forced';
-- Verify the data was loaded correctly
-- If the bug exists, this will either fail or show incorrect counts
SELECT
    COUNT(*) as loaded_queries,
    SUM(nexecs) as loaded_executions
FROM pg_track_optimizer();
 loaded_queries | loaded_executions
----------------+-------------------
              3 |                 3
(1 row)

-- Execute one of the original queries again
SELECT * FROM flush_test WHERE x < 10;
 x | y
---+----
 1 |  2
 2 |  4
 3 |  6
 4 |  8
 5 | 10
 6 | 12
 7 | 14
 8 | 16
 9 | 18
(9 rows)

-- Should now have 4 total executions for this query (3 before flush + 1 after)
-- But due to the bug, we might have 0 queries loaded
SELECT
    query,
    nexecs,
    avg_error -> 'count' as error_samples
FROM pg_track_optimizer()
WHERE query LIKE '%flush_test%'
ORDER BY query;
                       query                        | nexecs | error_samples
----------------------------------------------------+--------+---------------
 SELECT * FROM flush_test WHERE x < $1              |      2 |             2
 SELECT * FROM flush_test WHERE x BETWEEN $1 AND $2 |      1 |             1
 SELECT * FROM flush_test WHERE y > $1              |      1 |             1
(3 rows)

-- Cleanup
SELECT * FROM pg_track_optimizer_reset();
 pg_track_optimizer_reset
--------------------------

(1 row)

DROP TABLE flush_test;
DROP EXTENSION pg_track_optimizer;
