CREATE EXTENSION pg_track_optimizer;
-- Cleanup history of previous tests
SELECT * FROM pg_track_optimizer_reset();
 pg_track_optimizer_reset 
--------------------------
 
(1 row)

-- Test flushing zero hash table
SELECT * FROM pg_track_optimizer_flush();
 pg_track_optimizer_flush 
--------------------------
 
(1 row)

CREATE TABLE pto_test(x integer, y integer, z integer);
ANALYZE pto_test;
EXPLAIN (COSTS OFF) SELECT * FROM pto_test WHERE x < 1;
      QUERY PLAN      
----------------------
 Seq Scan on pto_test
   Filter: (x < 1)
(2 rows)

SELECT querytext,relative_error>=0,nodes_assessed,nodes_total,exec_time>0,nexecs
FROM pg_track_optimizer()
ORDER BY querytext COLLATE "C"; -- Nothing to track for plain explain.
                querytext                 | ?column? | nodes_assessed | nodes_total | ?column? | nexecs 
------------------------------------------+----------+----------------+-------------+----------+--------
 SELECT * FROM pg_track_optimizer_flush() | t        |              1 |           1 | t        |      1
 SELECT * FROM pg_track_optimizer_reset() | t        |              1 |           1 | t        |      1
(2 rows)

EXPLAIN (ANALYZE, COSTS OFF, TIMING OFF, SUMMARY OFF)
SELECT * FROM pto_test WHERE x < 1;
                   QUERY PLAN                    
-------------------------------------------------
 Seq Scan on pto_test (actual rows=0.00 loops=1)
   Filter: (x < 1)
(2 rows)

SELECT querytext,relative_error>=0,nodes_assessed,nodes_total,exec_time>0,nexecs
FROM pg_track_optimizer()
ORDER BY querytext; -- Must see it.
                                    querytext                                     | ?column? | nodes_assessed | nodes_total | ?column? | nexecs 
----------------------------------------------------------------------------------+----------+----------------+-------------+----------+--------
 EXPLAIN (ANALYZE, COSTS OFF, TIMING OFF, SUMMARY OFF)                           +| t        |              1 |           1 | t        |      1
 SELECT * FROM pto_test WHERE x < 1                                               |          |                |             |          | 
 SELECT * FROM pg_track_optimizer_flush()                                         | t        |              1 |           1 | t        |      1
 SELECT * FROM pg_track_optimizer_reset()                                         | t        |              1 |           1 | t        |      1
 SELECT querytext,relative_error>=0,nodes_assessed,nodes_total,exec_time>0,nexecs+| t        |              2 |           2 | t        |      1
 FROM pg_track_optimizer()                                                       +|          |                |             |          | 
 ORDER BY querytext COLLATE "C"                                                   |          |                |             |          | 
(4 rows)

-- TODO: Disable storing of queries, involving the extension UI objects
SELECT * FROM pto_test WHERE x < 1;
 x | y | z 
---+---+---
(0 rows)

-- Must see second execution of the query in nexecs (don't mind EXPLAIN)
SELECT querytext,relative_error>=0,nodes_assessed,nodes_total,exec_time>0,nexecs
FROM pg_track_optimizer()
ORDER BY querytext;
                                    querytext                                     | ?column? | nodes_assessed | nodes_total | ?column? | nexecs 
----------------------------------------------------------------------------------+----------+----------------+-------------+----------+--------
 EXPLAIN (ANALYZE, COSTS OFF, TIMING OFF, SUMMARY OFF)                           +| t        |              1 |           1 | t        |      2
 SELECT * FROM pto_test WHERE x < 1                                               |          |                |             |          | 
 SELECT * FROM pg_track_optimizer_flush()                                         | t        |              1 |           1 | t        |      1
 SELECT * FROM pg_track_optimizer_reset()                                         | t        |              1 |           1 | t        |      1
 SELECT querytext,relative_error>=0,nodes_assessed,nodes_total,exec_time>0,nexecs+| t        |              2 |           2 | t        |      1
 FROM pg_track_optimizer()                                                       +|          |                |             |          | 
 ORDER BY querytext                                                               |          |                |             |          | 
 SELECT querytext,relative_error>=0,nodes_assessed,nodes_total,exec_time>0,nexecs+| t        |              2 |           2 | t        |      1
 FROM pg_track_optimizer()                                                       +|          |                |             |          | 
 ORDER BY querytext COLLATE "C"                                                   |          |                |             |          | 
(5 rows)

DROP EXTENSION pg_track_optimizer;
