-- Test rstats base type
CREATE EXTENSION pg_track_optimizer;
-- Test 1: Basic rstats creation and initialization
SELECT 42.5::rstats;
                      rstats                      
--------------------------------------------------
 (count:1,mean:42.5,min:42.5,max:42.5,variance:0)
(1 row)

SELECT (42.1::double precision)::rstats;
                      rstats                      
--------------------------------------------------
 (count:1,mean:42.1,min:42.1,max:42.1,variance:0)
(1 row)

SELECT (NULL::double precision)::rstats;
 rstats 
--------
 
(1 row)

SELECT rstats(); -- Check empty state
                   rstats                   
--------------------------------------------
 (count:0,mean:-1,min:-1,max:-1,variance:0)
(1 row)

SELECT q.s, q.s + 1.0, q.s + 2.0, q.s + NULL
  FROM (VALUES (1.0::rstats)) AS q(s);
                    s                    |                ?column?                 |                  ?column?                   | ?column? 
-----------------------------------------+-----------------------------------------+---------------------------------------------+----------
 (count:1,mean:1,min:1,max:1,variance:0) | (count:2,mean:1,min:1,max:1,variance:0) | (count:2,mean:1.5,min:1,max:2,variance:0.5) | 
(1 row)

SELECT q.s, q.s + 1.0, q.s + NULL FROM (VALUES (NULL::rstats)) AS q(s);
 s | ?column? | ?column? 
---+----------+----------
   |          | 
(1 row)

SELECT q.s, q.s + 1.0 FROM
  (VALUES (('+Infinity'::double precision)::rstats)) AS q(s);
                              s                               |                      ?column?                      
--------------------------------------------------------------+----------------------------------------------------
 (count:1,mean:Infinity,min:Infinity,max:Infinity,variance:0) | (count:2,mean:NaN,min:1,max:Infinity,variance:NaN)
(1 row)

-- Test 2: Create table with rstats column
CREATE TABLE sensor_data (
  sensor_id integer,
  measurements rstats
);
-- Test 3: Insert initial rstats values
INSERT INTO sensor_data VALUES
  (1, 10.0::rstats), (2, 20.0::rstats), (3, 15.5::rstats);
-- Test 4: Add values to rstats using the + operator
UPDATE sensor_data SET measurements = measurements + 20.0 WHERE sensor_id = 1;
UPDATE sensor_data SET measurements = measurements + 25.0 WHERE sensor_id = 2;
UPDATE sensor_data SET measurements = measurements + 18.5 WHERE sensor_id = 3;
-- Add more values to build up rstats
UPDATE sensor_data SET measurements = measurements + 30.0 WHERE sensor_id = 1;
UPDATE sensor_data SET measurements = measurements + 22.0 WHERE sensor_id = 2;
-- Test 5: Query rstats properties
-- NOTE: don't forget to stabilise output rounding double variables
SELECT
    sensor_id,
    measurements -> 'count' as count,
    ROUND((measurements -> 'mean')::numeric, 2) as mean,
    measurements -> 'min' as min,
    measurements -> 'max' as max,
    ROUND((measurements -> 'variance')::numeric, 2) as variance,
    ROUND((measurements -> 'stddev')::numeric, 2) as stddev
FROM sensor_data
ORDER BY sensor_id;
 sensor_id | count | mean  | min  | max  | variance | stddev 
-----------+-------+-------+------+------+----------+--------
         1 |     3 | 20.00 |   10 |   30 |   100.00 |  10.00
         2 |     3 | 22.33 |   20 |   25 |     6.33 |   2.52
         3 |     2 | 17.00 | 15.5 | 18.5 |     4.50 |   2.12
(3 rows)

-- Test 6: Equality comparison
-- Create two identical rstats
SELECT (10.0::rstats + 20.0 + 30.0) = (10.0::rstats + 20.0 + 30.0) as equal_stats;
 equal_stats 
-------------
 t
(1 row)

-- Create two different rstats
SELECT (10.0::rstats + 20.0) = (15.0::rstats + 15.0) as different_stats;
 different_stats 
-----------------
 f
(1 row)

-- Test 7: Compare rstats in table
INSERT INTO sensor_data VALUES (4, 10.0::rstats + 11.0 + 12.0);
INSERT INTO sensor_data VALUES (5, 10.0::rstats + 11.0 + 12.0);
SELECT s1.sensor_id as sensor1, s2.sensor_id as sensor2,
       s1.measurements = s2.measurements as are_equal
FROM sensor_data s1, sensor_data s2
WHERE s1.sensor_id = 4 AND s2.sensor_id = 5;
 sensor1 | sensor2 | are_equal 
---------+---------+-----------
       4 |       5 | t
(1 row)

-- Test 8: Text representation
SELECT sensor_id, measurements::text
FROM sensor_data
WHERE sensor_id <= 1
ORDER BY sensor_id;
 sensor_id |                 measurements                 
-----------+----------------------------------------------
         1 | (count:3,mean:20,min:10,max:30,variance:100)
(1 row)

-- Test 10: Field accessor using -> operator
SELECT
    sensor_id,
    measurements -> 'count' as count,
    ROUND((measurements -> 'mean')::numeric, 2) as mean,
    measurements -> 'min' as min,
    measurements -> 'max' as max,
    ROUND((measurements -> 'variance')::numeric, 2) as variance,
    ROUND((measurements -> 'stddev')::numeric, 2) as stddev
FROM sensor_data
WHERE sensor_id <= 3
ORDER BY sensor_id;
 sensor_id | count | mean  | min  | max  | variance | stddev 
-----------+-------+-------+------+------+----------+--------
         1 |     3 | 20.00 |   10 |   30 |   100.00 |  10.00
         2 |     3 | 22.33 |   20 |   25 |     6.33 |   2.52
         3 |     2 | 17.00 | 15.5 | 18.5 |     4.50 |   2.12
(3 rows)

-- Test 11: Using -> operator in WHERE clause
SELECT sensor_id, ROUND((measurements -> 'mean')::numeric, 2) as mean
FROM sensor_data
WHERE (measurements -> 'mean') > 15
ORDER BY sensor_id;
 sensor_id | mean  
-----------+-------
         1 | 20.00
         2 | 22.33
         3 | 17.00
(3 rows)

-- Test 12: Invalid field name (should error)
-- SELECT measurements -> 'invalid_field' FROM sensor_data LIMIT 1;
-- Clean up
DROP TABLE sensor_data;
DROP EXTENSION pg_track_optimizer;
